2022-02-03 23:14:14.246 [ERRO] {240555df7a4fd016e6db0d6a6e4a8597} [ 14 ms] [default] [rows:0  ] SHOW FULL COLUMNS FROM `user`
Error: Error 1046: No database selected 
Stack:
1.  github.com/gogf/gf/v2/database/gdb.(*Core).writeSqlToLogger
    C:/Users/yqc/workspace/go/pkg/mod/github.com/gogf/gf/v2@v2.0.0-rc2/database/gdb/gdb_core.go:655
2.  github.com/gogf/gf/v2/database/gdb.(*Core).DoCommit
    C:/Users/yqc/workspace/go/pkg/mod/github.com/gogf/gf/v2@v2.0.0-rc2/database/gdb/gdb_core_underlying.go:238
3.  github.com/gogf/gf/v2/database/gdb.(*Core).DoQuery
    C:/Users/yqc/workspace/go/pkg/mod/github.com/gogf/gf/v2@v2.0.0-rc2/database/gdb/gdb_core_underlying.go:59
4.  github.com/gogf/gf/v2/database/gdb.(*Core).DoGetAll
    C:/Users/yqc/workspace/go/pkg/mod/github.com/gogf/gf/v2@v2.0.0-rc2/database/gdb/gdb_core.go:152
5.  github.com/gogf/gf/v2/database/gdb.(*DriverMysql).TableFields.func1
    C:/Users/yqc/workspace/go/pkg/mod/github.com/gogf/gf/v2@v2.0.0-rc2/database/gdb/gdb_driver_mysql.go:147
6.  github.com/gogf/gf/v2/container/gmap.(*AnyAnyMap).doSetWithLockCheck
    C:/Users/yqc/workspace/go/pkg/mod/github.com/gogf/gf/v2@v2.0.0-rc2/container/gmap/gmap_hash_any_any_map.go:220
7.  github.com/gogf/gf/v2/container/gmap.(*AnyAnyMap).GetOrSetFuncLock
    C:/Users/yqc/workspace/go/pkg/mod/github.com/gogf/gf/v2@v2.0.0-rc2/container/gmap/gmap_hash_any_any_map.go:257
8.  github.com/gogf/gf/v2/database/gdb.(*DriverMysql).TableFields
    C:/Users/yqc/workspace/go/pkg/mod/github.com/gogf/gf/v2@v2.0.0-rc2/database/gdb/gdb_driver_mysql.go:137
9.  github.com/gogf/gf/v2/database/gdb.(*Model).TableFields
    C:/Users/yqc/workspace/go/pkg/mod/github.com/gogf/gf/v2@v2.0.0-rc2/database/gdb/gdb_model_utility.go:38
10. github.com/gogf/gf/v2/database/gdb.(*Model).getSoftFieldName
    C:/Users/yqc/workspace/go/pkg/mod/github.com/gogf/gf/v2@v2.0.0-rc2/database/gdb/gdb_model_time.go:98
11. github.com/gogf/gf/v2/database/gdb.(*Model).getSoftFieldNameDeleted
    C:/Users/yqc/workspace/go/pkg/mod/github.com/gogf/gf/v2@v2.0.0-rc2/database/gdb/gdb_model_time.go:92
12. github.com/gogf/gf/v2/database/gdb.(*Model).getConditionForSoftDeleting
    C:/Users/yqc/workspace/go/pkg/mod/github.com/gogf/gf/v2@v2.0.0-rc2/database/gdb/gdb_model_time.go:144
13. github.com/gogf/gf/v2/database/gdb.(*Model).formatCondition
    C:/Users/yqc/workspace/go/pkg/mod/github.com/gogf/gf/v2@v2.0.0-rc2/database/gdb/gdb_model_select.go:679
14. github.com/gogf/gf/v2/database/gdb.(*Model).getFormattedSqlAndArgs
    C:/Users/yqc/workspace/go/pkg/mod/github.com/gogf/gf/v2@v2.0.0-rc2/database/gdb/gdb_model_select.go:576
15. github.com/gogf/gf/v2/database/gdb.(*Model).doGetAll
    C:/Users/yqc/workspace/go/pkg/mod/github.com/gogf/gf/v2@v2.0.0-rc2/database/gdb/gdb_model_select.go:46
16. github.com/gogf/gf/v2/database/gdb.(*Model).One
    C:/Users/yqc/workspace/go/pkg/mod/github.com/gogf/gf/v2@v2.0.0-rc2/database/gdb/gdb_model_select.go:136
17. github.com/gogf/gf/v2/database/gdb.(*Model).One
    C:/Users/yqc/workspace/go/pkg/mod/github.com/gogf/gf/v2@v2.0.0-rc2/database/gdb/gdb_model_select.go:134
18. mygogf/internal/service/internal/dao.FindUserByIdUsingGDB
    G:/go/mygogf/internal/service/internal/dao/user.go:33
19. mygogf/internal/service/manager.FindUserByIdUsingGDB
    G:/go/mygogf/internal/service/manager/user_manager.go:13
20. mygogf/internal/controller.(*UserController).Get
    G:/go/mygogf/internal/controller/user.go:31
21. github.com/gogf/gf/v2/net/ghttp.(*middleware).callHandlerFunc.func1
    C:/Users/yqc/workspace/go/pkg/mod/github.com/gogf/gf/v2@v2.0.0-rc2/net/ghttp/ghttp_request_middleware.go:130
22. github.com/gogf/gf/v2/net/ghttp.niceCallFunc
    C:/Users/yqc/workspace/go/pkg/mod/github.com/gogf/gf/v2@v2.0.0-rc2/net/ghttp/ghttp_func.go:56
23. github.com/gogf/gf/v2/net/ghttp.(*middleware).callHandlerFunc
    C:/Users/yqc/workspace/go/pkg/mod/github.com/gogf/gf/v2@v2.0.0-rc2/net/ghttp/ghttp_request_middleware.go:128
24. github.com/gogf/gf/v2/net/ghttp.(*middleware).Next.func1
    C:/Users/yqc/workspace/go/pkg/mod/github.com/gogf/gf/v2@v2.0.0-rc2/net/ghttp/ghttp_request_middleware.go:74
25. github.com/gogf/gf/v2/util/gutil.TryCatch
    C:/Users/yqc/workspace/go/pkg/mod/github.com/gogf/gf/v2@v2.0.0-rc2/util/gutil/gutil.go:55
26. github.com/gogf/gf/v2/net/ghttp.(*middleware).Next
    C:/Users/yqc/workspace/go/pkg/mod/github.com/gogf/gf/v2@v2.0.0-rc2/net/ghttp/ghttp_request_middleware.go:48
27. github.com/gogf/gf/v2/net/ghttp.MiddlewareHandlerResponse
    C:/Users/yqc/workspace/go/pkg/mod/github.com/gogf/gf/v2@v2.0.0-rc2/net/ghttp/ghttp_middleware_handler_response.go:23
28. github.com/gogf/gf/v2/net/ghttp.(*middleware).Next.func1.5
    C:/Users/yqc/workspace/go/pkg/mod/github.com/gogf/gf/v2@v2.0.0-rc2/net/ghttp/ghttp_request_middleware.go:95
29. github.com/gogf/gf/v2/net/ghttp.niceCallFunc
    C:/Users/yqc/workspace/go/pkg/mod/github.com/gogf/gf/v2@v2.0.0-rc2/net/ghttp/ghttp_func.go:56
30. github.com/gogf/gf/v2/net/ghttp.(*middleware).Next.func1
    C:/Users/yqc/workspace/go/pkg/mod/github.com/gogf/gf/v2@v2.0.0-rc2/net/ghttp/ghttp_request_middleware.go:94
31. github.com/gogf/gf/v2/util/gutil.TryCatch
    C:/Users/yqc/workspace/go/pkg/mod/github.com/gogf/gf/v2@v2.0.0-rc2/util/gutil/gutil.go:55
32. github.com/gogf/gf/v2/net/ghttp.(*middleware).Next
    C:/Users/yqc/workspace/go/pkg/mod/github.com/gogf/gf/v2@v2.0.0-rc2/net/ghttp/ghttp_request_middleware.go:48
33. github.com/gogf/gf/v2/net/ghttp.internalMiddlewareServerTracing
    C:/Users/yqc/workspace/go/pkg/mod/github.com/gogf/gf/v2@v2.0.0-rc2/net/ghttp/ghttp_middleware_tracing.go:78
34. github.com/gogf/gf/v2/net/ghttp.(*middleware).Next.func1.5
    C:/Users/yqc/workspace/go/pkg/mod/github.com/gogf/gf/v2@v2.0.0-rc2/net/ghttp/ghttp_request_middleware.go:95
35. github.com/gogf/gf/v2/net/ghttp.niceCallFunc
    C:/Users/yqc/workspace/go/pkg/mod/github.com/gogf/gf/v2@v2.0.0-rc2/net/ghttp/ghttp_func.go:56
36. github.com/gogf/gf/v2/net/ghttp.(*middleware).Next.func1
    C:/Users/yqc/workspace/go/pkg/mod/github.com/gogf/gf/v2@v2.0.0-rc2/net/ghttp/ghttp_request_middleware.go:94
37. github.com/gogf/gf/v2/util/gutil.TryCatch
    C:/Users/yqc/workspace/go/pkg/mod/github.com/gogf/gf/v2@v2.0.0-rc2/util/gutil/gutil.go:55
38. github.com/gogf/gf/v2/net/ghttp.(*middleware).Next
    C:/Users/yqc/workspace/go/pkg/mod/github.com/gogf/gf/v2@v2.0.0-rc2/net/ghttp/ghttp_request_middleware.go:48
39. github.com/gogf/gf/v2/net/ghttp.(*Server).ServeHTTP
    C:/Users/yqc/workspace/go/pkg/mod/github.com/gogf/gf/v2@v2.0.0-rc2/net/ghttp/ghttp_server_handler.go:121
 
2022-02-03 23:14:14.251 [ERRO] {240555df7a4fd016e6db0d6a6e4a8597} [  4 ms] [default] [rows:0  ] SELECT * FROM `user` WHERE id= 1 LIMIT 1
Error: Error 1046: No database selected 
Stack:
1.  github.com/gogf/gf/v2/database/gdb.(*Core).writeSqlToLogger
    C:/Users/yqc/workspace/go/pkg/mod/github.com/gogf/gf/v2@v2.0.0-rc2/database/gdb/gdb_core.go:655
2.  github.com/gogf/gf/v2/database/gdb.(*Core).DoCommit
    C:/Users/yqc/workspace/go/pkg/mod/github.com/gogf/gf/v2@v2.0.0-rc2/database/gdb/gdb_core_underlying.go:238
3.  github.com/gogf/gf/v2/database/gdb.(*Core).DoQuery
    C:/Users/yqc/workspace/go/pkg/mod/github.com/gogf/gf/v2@v2.0.0-rc2/database/gdb/gdb_core_underlying.go:59
4.  github.com/gogf/gf/v2/database/gdb.(*Core).DoGetAll
    C:/Users/yqc/workspace/go/pkg/mod/github.com/gogf/gf/v2@v2.0.0-rc2/database/gdb/gdb_core.go:152
5.  github.com/gogf/gf/v2/database/gdb.(*Model).doGetAllBySql
    C:/Users/yqc/workspace/go/pkg/mod/github.com/gogf/gf/v2@v2.0.0-rc2/database/gdb/gdb_model_select.go:532
6.  github.com/gogf/gf/v2/database/gdb.(*Model).doGetAll
    C:/Users/yqc/workspace/go/pkg/mod/github.com/gogf/gf/v2@v2.0.0-rc2/database/gdb/gdb_model_select.go:47
7.  github.com/gogf/gf/v2/database/gdb.(*Model).One
    C:/Users/yqc/workspace/go/pkg/mod/github.com/gogf/gf/v2@v2.0.0-rc2/database/gdb/gdb_model_select.go:136
8.  github.com/gogf/gf/v2/database/gdb.(*Model).One
    C:/Users/yqc/workspace/go/pkg/mod/github.com/gogf/gf/v2@v2.0.0-rc2/database/gdb/gdb_model_select.go:134
9.  mygogf/internal/service/internal/dao.FindUserByIdUsingGDB
    G:/go/mygogf/internal/service/internal/dao/user.go:33
10. mygogf/internal/service/manager.FindUserByIdUsingGDB
    G:/go/mygogf/internal/service/manager/user_manager.go:13
11. mygogf/internal/controller.(*UserController).Get
    G:/go/mygogf/internal/controller/user.go:31
12. github.com/gogf/gf/v2/net/ghttp.(*middleware).callHandlerFunc.func1
    C:/Users/yqc/workspace/go/pkg/mod/github.com/gogf/gf/v2@v2.0.0-rc2/net/ghttp/ghttp_request_middleware.go:130
13. github.com/gogf/gf/v2/net/ghttp.niceCallFunc
    C:/Users/yqc/workspace/go/pkg/mod/github.com/gogf/gf/v2@v2.0.0-rc2/net/ghttp/ghttp_func.go:56
14. github.com/gogf/gf/v2/net/ghttp.(*middleware).callHandlerFunc
    C:/Users/yqc/workspace/go/pkg/mod/github.com/gogf/gf/v2@v2.0.0-rc2/net/ghttp/ghttp_request_middleware.go:128
15. github.com/gogf/gf/v2/net/ghttp.(*middleware).Next.func1
    C:/Users/yqc/workspace/go/pkg/mod/github.com/gogf/gf/v2@v2.0.0-rc2/net/ghttp/ghttp_request_middleware.go:74
16. github.com/gogf/gf/v2/util/gutil.TryCatch
    C:/Users/yqc/workspace/go/pkg/mod/github.com/gogf/gf/v2@v2.0.0-rc2/util/gutil/gutil.go:55
17. github.com/gogf/gf/v2/net/ghttp.(*middleware).Next
    C:/Users/yqc/workspace/go/pkg/mod/github.com/gogf/gf/v2@v2.0.0-rc2/net/ghttp/ghttp_request_middleware.go:48
18. github.com/gogf/gf/v2/net/ghttp.MiddlewareHandlerResponse
    C:/Users/yqc/workspace/go/pkg/mod/github.com/gogf/gf/v2@v2.0.0-rc2/net/ghttp/ghttp_middleware_handler_response.go:23
19. github.com/gogf/gf/v2/net/ghttp.(*middleware).Next.func1.5
    C:/Users/yqc/workspace/go/pkg/mod/github.com/gogf/gf/v2@v2.0.0-rc2/net/ghttp/ghttp_request_middleware.go:95
20. github.com/gogf/gf/v2/net/ghttp.niceCallFunc
    C:/Users/yqc/workspace/go/pkg/mod/github.com/gogf/gf/v2@v2.0.0-rc2/net/ghttp/ghttp_func.go:56
21. github.com/gogf/gf/v2/net/ghttp.(*middleware).Next.func1
    C:/Users/yqc/workspace/go/pkg/mod/github.com/gogf/gf/v2@v2.0.0-rc2/net/ghttp/ghttp_request_middleware.go:94
22. github.com/gogf/gf/v2/util/gutil.TryCatch
    C:/Users/yqc/workspace/go/pkg/mod/github.com/gogf/gf/v2@v2.0.0-rc2/util/gutil/gutil.go:55
23. github.com/gogf/gf/v2/net/ghttp.(*middleware).Next
    C:/Users/yqc/workspace/go/pkg/mod/github.com/gogf/gf/v2@v2.0.0-rc2/net/ghttp/ghttp_request_middleware.go:48
24. github.com/gogf/gf/v2/net/ghttp.internalMiddlewareServerTracing
    C:/Users/yqc/workspace/go/pkg/mod/github.com/gogf/gf/v2@v2.0.0-rc2/net/ghttp/ghttp_middleware_tracing.go:78
25. github.com/gogf/gf/v2/net/ghttp.(*middleware).Next.func1.5
    C:/Users/yqc/workspace/go/pkg/mod/github.com/gogf/gf/v2@v2.0.0-rc2/net/ghttp/ghttp_request_middleware.go:95
26. github.com/gogf/gf/v2/net/ghttp.niceCallFunc
    C:/Users/yqc/workspace/go/pkg/mod/github.com/gogf/gf/v2@v2.0.0-rc2/net/ghttp/ghttp_func.go:56
27. github.com/gogf/gf/v2/net/ghttp.(*middleware).Next.func1
    C:/Users/yqc/workspace/go/pkg/mod/github.com/gogf/gf/v2@v2.0.0-rc2/net/ghttp/ghttp_request_middleware.go:94
28. github.com/gogf/gf/v2/util/gutil.TryCatch
    C:/Users/yqc/workspace/go/pkg/mod/github.com/gogf/gf/v2@v2.0.0-rc2/util/gutil/gutil.go:55
29. github.com/gogf/gf/v2/net/ghttp.(*middleware).Next
    C:/Users/yqc/workspace/go/pkg/mod/github.com/gogf/gf/v2@v2.0.0-rc2/net/ghttp/ghttp_request_middleware.go:48
30. github.com/gogf/gf/v2/net/ghttp.(*Server).ServeHTTP
    C:/Users/yqc/workspace/go/pkg/mod/github.com/gogf/gf/v2@v2.0.0-rc2/net/ghttp/ghttp_server_handler.go:121
 
2022-02-03 23:18:29.167 [DEBU] {84dd1208b64fd016d2cf7b4f25c2905c} [ 29 ms] [default] [rows:6  ] SHOW FULL COLUMNS FROM `user` 
2022-02-03 23:18:29.174 [DEBU] {84dd1208b64fd016d2cf7b4f25c2905c} [  6 ms] [default] [rows:0  ] SELECT * FROM `user` WHERE id= 1 LIMIT 1 
2022-02-03 23:20:39.177 [DEBU] {64200fa7d44fd016efbf0f108142148a} [  3 ms] [default] [rows:6  ] SHOW FULL COLUMNS FROM `user` 
2022-02-03 23:20:39.178 [DEBU] {64200fa7d44fd016efbf0f108142148a} [  1 ms] [default] [rows:0  ] SELECT * FROM `user` WHERE id= 1 LIMIT 1 
2022-02-03 23:20:42.848 [DEBU] {64200fa7d44fd016efbf0f108142148a} [  0 ms] [default] [rows:0  ] SELECT * FROM `user` WHERE id= 1 LIMIT 1 
2022-02-03 23:20:43.639 [DEBU] {64200fa7d44fd016efbf0f108142148a} [  1 ms] [default] [rows:0  ] SELECT * FROM `user` WHERE id= 1 LIMIT 1 
2022-02-03 23:26:37.531 [DEBU] {30e5cab32050d01605de7b72c7fa5b42} [  3 ms] [default] [rows:6  ] SHOW FULL COLUMNS FROM `user` 
2022-02-03 23:26:37.539 [DEBU] {30e5cab32050d01605de7b72c7fa5b42} [  7 ms] [default] [rows:1  ] INSERT INTO `user`(`create_at`,`update_at`,`id`,`passport`,`password`,`nickname`) VALUES('2022-02-03 23:26:37','2022-02-03 23:26:37',0,'','','')  
2022-02-03 23:28:21.033 [DEBU] {9cea13763f50d016574f4655c8c9bc6a} [  4 ms] [default] [rows:6  ] SHOW FULL COLUMNS FROM `user` 
2022-02-03 23:28:21.037 [DEBU] {9cea13763f50d016574f4655c8c9bc6a} [  3 ms] [default] [rows:1  ] INSERT INTO `user`(`id`,`update_at`,`passport`,`password`,`nickname`,`create_at`) VALUES(0,'2022-02-03 23:28:21','','','','2022-02-03 23:28:21')  
2022-02-03 23:30:15.732 [DEBU] {f49a366c5a50d0160d124c03dd52af81} [  2 ms] [default] [rows:6  ] SHOW FULL COLUMNS FROM `user` 
2022-02-03 23:30:15.735 [DEBU] {f49a366c5a50d0160d124c03dd52af81} [  3 ms] [default] [rows:1  ] INSERT INTO `user`(`passport`,`password`,`nickname`,`create_at`,`update_at`,`id`) VALUES('','','','2022-02-03 23:30:15','2022-02-03 23:30:15',0)  
2022-02-03 23:30:59.850 [DEBU] {f49a366c5a50d0160d124c03dd52af81} [  1 ms] [default] [rows:1  ] INSERT INTO `user`(`id`,`passport`,`password`,`nickname`,`create_at`,`update_at`) VALUES(0,'yaoqinchuan','1234345324','yqc','2022-02-03 23:30:59','2022-02-03 23:30:59')  
2022-02-03 23:32:17.926 [DEBU] {c81259d77650d016e1dcc52a5442ddf4} [  2 ms] [default] [rows:6  ] SHOW FULL COLUMNS FROM `user` 
2022-02-03 23:32:17.928 [DEBU] {c81259d77650d016e1dcc52a5442ddf4} [  1 ms] [default] [rows:1  ] INSERT INTO `user`(`id`,`update_at`,`passport`,`password`,`nickname`,`create_at`) VALUES(0,'2022-02-03 23:32:17','yaoqinchuan','1234567890','yqc','2022-02-03 23:32:17')  
2022-02-03 23:32:26.553 [DEBU] {c81259d77650d016e1dcc52a5442ddf4} [  4 ms] [default] [rows:1  ] SELECT * FROM `user` WHERE id= 1 LIMIT 1 
2022-02-03 23:33:12.334 [DEBU] {c81259d77650d016e1dcc52a5442ddf4} [  4 ms] [default] [rows:1  ] INSERT INTO `user`(`password`,`passport`,`nickname`,`create_at`,`update_at`,`id`) VALUES('1234567890','yaoqinchuan','yqc','2022-02-03 23:33:12','2022-02-03 23:33:12',0)  
2022-02-03 23:33:36.096 [DEBU] {c81259d77650d016e1dcc52a5442ddf4} [  0 ms] [default] [rows:1  ] SELECT * FROM `user` WHERE id= 6 LIMIT 1 
2022-02-03 23:35:02.807 [DEBU] {9068008c9d50d01670212b78c1295a84} [  2 ms] [default] [rows:6  ] SHOW FULL COLUMNS FROM `user` 
2022-02-03 23:35:02.809 [DEBU] {9068008c9d50d01670212b78c1295a84} [  1 ms] [default] [rows:1  ] SELECT * FROM `user` WHERE id= 6 LIMIT 1 
2022-02-03 23:38:08.917 [ERRO] {9068008c9d50d01670212b78c1295a84} [  1 ms] [default] [rows:0  ] DELETE FROM `user` WHERE is = 6
Error: Error 1064: You have an error in your SQL syntax; check the manual that corresponds to your MySQL server version for the right syntax to use near 'is = ?' at line 1 
Stack:
1.  github.com/gogf/gf/v2/database/gdb.(*Core).writeSqlToLogger
    C:/Users/yqc/workspace/go/pkg/mod/github.com/gogf/gf/v2@v2.0.0-rc2/database/gdb/gdb_core.go:655
2.  github.com/gogf/gf/v2/database/gdb.(*Core).DoCommit
    C:/Users/yqc/workspace/go/pkg/mod/github.com/gogf/gf/v2@v2.0.0-rc2/database/gdb/gdb_core_underlying.go:238
3.  github.com/gogf/gf/v2/database/gdb.(*Core).DoExec
    C:/Users/yqc/workspace/go/pkg/mod/github.com/gogf/gf/v2@v2.0.0-rc2/database/gdb/gdb_core_underlying.go:109
4.  github.com/gogf/gf/v2/database/gdb.(*Core).DoDelete
    C:/Users/yqc/workspace/go/pkg/mod/github.com/gogf/gf/v2@v2.0.0-rc2/database/gdb/gdb_core.go:628
5.  github.com/gogf/gf/v2/database/gdb.(*Model).Delete
    C:/Users/yqc/workspace/go/pkg/mod/github.com/gogf/gf/v2@v2.0.0-rc2/database/gdb/gdb_model_delete.go:50
6.  github.com/gogf/gf/v2/database/gdb.(*Model).Delete
    C:/Users/yqc/workspace/go/pkg/mod/github.com/gogf/gf/v2@v2.0.0-rc2/database/gdb/gdb_model_delete.go:24
7.  mygogf/internal/service/internal/dao.DeleteUserByIdUsingGDB
    G:/go/mygogf/internal/service/internal/dao/user.go:73
8.  mygogf/internal/service/manager.DeleteUserByIdUsingGDB
    G:/go/mygogf/internal/service/manager/user_manager.go:56
9.  mygogf/internal/controller.(*UserController).Delete
    G:/go/mygogf/internal/controller/user.go:71
10. github.com/gogf/gf/v2/net/ghttp.(*middleware).callHandlerFunc.func1
    C:/Users/yqc/workspace/go/pkg/mod/github.com/gogf/gf/v2@v2.0.0-rc2/net/ghttp/ghttp_request_middleware.go:130
11. github.com/gogf/gf/v2/net/ghttp.niceCallFunc
    C:/Users/yqc/workspace/go/pkg/mod/github.com/gogf/gf/v2@v2.0.0-rc2/net/ghttp/ghttp_func.go:56
12. github.com/gogf/gf/v2/net/ghttp.(*middleware).callHandlerFunc
    C:/Users/yqc/workspace/go/pkg/mod/github.com/gogf/gf/v2@v2.0.0-rc2/net/ghttp/ghttp_request_middleware.go:128
13. github.com/gogf/gf/v2/net/ghttp.(*middleware).Next.func1
    C:/Users/yqc/workspace/go/pkg/mod/github.com/gogf/gf/v2@v2.0.0-rc2/net/ghttp/ghttp_request_middleware.go:74
14. github.com/gogf/gf/v2/util/gutil.TryCatch
    C:/Users/yqc/workspace/go/pkg/mod/github.com/gogf/gf/v2@v2.0.0-rc2/util/gutil/gutil.go:55
15. github.com/gogf/gf/v2/net/ghttp.(*middleware).Next
    C:/Users/yqc/workspace/go/pkg/mod/github.com/gogf/gf/v2@v2.0.0-rc2/net/ghttp/ghttp_request_middleware.go:48
16. github.com/gogf/gf/v2/net/ghttp.MiddlewareHandlerResponse
    C:/Users/yqc/workspace/go/pkg/mod/github.com/gogf/gf/v2@v2.0.0-rc2/net/ghttp/ghttp_middleware_handler_response.go:23
17. github.com/gogf/gf/v2/net/ghttp.(*middleware).Next.func1.5
    C:/Users/yqc/workspace/go/pkg/mod/github.com/gogf/gf/v2@v2.0.0-rc2/net/ghttp/ghttp_request_middleware.go:95
18. github.com/gogf/gf/v2/net/ghttp.niceCallFunc
    C:/Users/yqc/workspace/go/pkg/mod/github.com/gogf/gf/v2@v2.0.0-rc2/net/ghttp/ghttp_func.go:56
19. github.com/gogf/gf/v2/net/ghttp.(*middleware).Next.func1
    C:/Users/yqc/workspace/go/pkg/mod/github.com/gogf/gf/v2@v2.0.0-rc2/net/ghttp/ghttp_request_middleware.go:94
20. github.com/gogf/gf/v2/util/gutil.TryCatch
    C:/Users/yqc/workspace/go/pkg/mod/github.com/gogf/gf/v2@v2.0.0-rc2/util/gutil/gutil.go:55
21. github.com/gogf/gf/v2/net/ghttp.(*middleware).Next
    C:/Users/yqc/workspace/go/pkg/mod/github.com/gogf/gf/v2@v2.0.0-rc2/net/ghttp/ghttp_request_middleware.go:48
22. github.com/gogf/gf/v2/net/ghttp.internalMiddlewareServerTracing
    C:/Users/yqc/workspace/go/pkg/mod/github.com/gogf/gf/v2@v2.0.0-rc2/net/ghttp/ghttp_middleware_tracing.go:78
23. github.com/gogf/gf/v2/net/ghttp.(*middleware).Next.func1.5
    C:/Users/yqc/workspace/go/pkg/mod/github.com/gogf/gf/v2@v2.0.0-rc2/net/ghttp/ghttp_request_middleware.go:95
24. github.com/gogf/gf/v2/net/ghttp.niceCallFunc
    C:/Users/yqc/workspace/go/pkg/mod/github.com/gogf/gf/v2@v2.0.0-rc2/net/ghttp/ghttp_func.go:56
25. github.com/gogf/gf/v2/net/ghttp.(*middleware).Next.func1
    C:/Users/yqc/workspace/go/pkg/mod/github.com/gogf/gf/v2@v2.0.0-rc2/net/ghttp/ghttp_request_middleware.go:94
26. github.com/gogf/gf/v2/util/gutil.TryCatch
    C:/Users/yqc/workspace/go/pkg/mod/github.com/gogf/gf/v2@v2.0.0-rc2/util/gutil/gutil.go:55
27. github.com/gogf/gf/v2/net/ghttp.(*middleware).Next
    C:/Users/yqc/workspace/go/pkg/mod/github.com/gogf/gf/v2@v2.0.0-rc2/net/ghttp/ghttp_request_middleware.go:48
28. github.com/gogf/gf/v2/net/ghttp.(*Server).ServeHTTP
    C:/Users/yqc/workspace/go/pkg/mod/github.com/gogf/gf/v2@v2.0.0-rc2/net/ghttp/ghttp_server_handler.go:121
 
2022-02-03 23:39:57.578 [DEBU] {a8abef98e150d0162bb37d4361d84d4f} [  3 ms] [default] [rows:6  ] SHOW FULL COLUMNS FROM `user` 
2022-02-03 23:39:57.580 [DEBU] {a8abef98e150d0162bb37d4361d84d4f} [  1 ms] [default] [rows:1  ] DELETE FROM `user` WHERE id = 6 
