2022-02-02 12:26:16.109 G:/go/mygogf/internal/utils/log_utils.go:170: init info logger success. 
2022-02-02 12:26:16.134 {4885c68b8addcf1611a6830a45acc0d4} app using info level mode. 
2022-02-02 12:26:16.138 {4885c68b8addcf1611a6830a45acc0d4} start application mygogf. 
2022-02-02 12:29:02.369 G:/go/mygogf/internal/utils/log_utils.go:170: init info logger success. 
2022-02-02 12:29:02.375 {106a8440b1ddcf165fecfc31c5d8ebc0} app using info level mode. 
2022-02-02 12:29:02.378 {106a8440b1ddcf165fecfc31c5d8ebc0} start application mygogf. 
2022-02-02 12:52:35.528 G:/go/mygogf/internal/utils/log_utils.go:170: init info logger success. 
2022-02-02 12:52:35.533 {ece25147fadecf160462bd394b0bb4dc} app using info level mode. 
2022-02-02 12:52:35.538 {ece25147fadecf160462bd394b0bb4dc} start application mygogf. 
2022-02-02 12:54:00.619 G:/go/mygogf/internal/utils/log_utils.go:170: init info logger success. 
2022-02-02 12:54:00.627 {307d4e170edfcf16d3966f27fa21f24a} app using info level mode. 
2022-02-02 12:54:00.630 {307d4e170edfcf16d3966f27fa21f24a} start application mygogf. 
2022-02-02 13:01:10.911 G:/go/mygogf/internal/utils/log_utils.go:170: init info logger success. 
2022-02-02 13:01:17.832 {dcd8b74672dfcf163714e97720841385} app using info level mode. 
2022-02-02 13:01:17.836 {dcd8b74672dfcf163714e97720841385} start application mygogf. 
2022-02-02 13:25:28.828 G:/go/mygogf/internal/utils/log_utils.go:170: init info logger success. 
2022-02-02 13:25:28.834 {88e53cb9c5e0cf16378cf05db8349b08} app using info level mode. 
2022-02-02 13:25:28.837 {88e53cb9c5e0cf16378cf05db8349b08} start application mygogf. 
2022-02-02 13:26:04.379 G:/go/mygogf/internal/utils/log_utils.go:170: init info logger success. 
2022-02-02 13:26:04.385 {60663500cee0cf161cd3f74de600d244} app using info level mode. 
2022-02-02 13:26:04.389 {60663500cee0cf161cd3f74de600d244} start application mygogf. 
2022-02-02 13:40:22.850 G:/go/mygogf/internal/utils/log_utils.go:170: init info logger success. 
2022-02-02 13:40:22.860 {2cd541e195e1cf167139da02955e6195} app using info level mode. 
2022-02-02 13:40:22.863 {2cd541e195e1cf167139da02955e6195} start application mygogf. 
2022-02-02 13:40:52.874 G:/go/mygogf/internal/utils/log_utils.go:170: init info logger success. 
2022-02-02 13:40:52.883 {a817d4de9ce1cf16dc42b64822d8f352} app using info level mode. 
2022-02-02 13:40:52.886 {a817d4de9ce1cf16dc42b64822d8f352} start application mygogf. 
2022-02-02 13:41:33.389 G:/go/mygogf/internal/utils/log_utils.go:170: init info logger success. 
2022-02-02 13:41:33.396 {d079954da6e1cf16ac4dc93390d67bbf} app using info level mode. 
2022-02-02 13:41:33.398 {d079954da6e1cf16ac4dc93390d67bbf} start application mygogf. 
2022-02-02 13:42:27.427 G:/go/mygogf/internal/utils/log_utils.go:170: init info logger success. 
2022-02-02 13:42:27.433 {38a66ee2b2e1cf1675b7d96b2b670783} app using info level mode. 
2022-02-02 13:42:27.436 {38a66ee2b2e1cf1675b7d96b2b670783} start application mygogf. 
2022-02-02 13:43:26.100 G:/go/mygogf/internal/utils/log_utils.go:170: init info logger success. 
2022-02-02 13:43:26.111 {1cb4e88bc0e1cf1674f635496b878d8a} app using info level mode. 
2022-02-02 13:43:26.113 {1cb4e88bc0e1cf1674f635496b878d8a} start application mygogf. 
2022-02-02 13:44:19.400 G:/go/mygogf/internal/utils/log_utils.go:170: init info logger success. 
2022-02-02 13:44:19.406 {844f98f4cce1cf162c38c62c895bcdf4} app using info level mode. 
2022-02-02 13:44:19.409 {844f98f4cce1cf162c38c62c895bcdf4} start application mygogf. 
2022-02-02 16:34:15.482 G:/go/mygogf/internal/utils/log_utils.go:170: init info logger success. 
2022-02-02 16:34:15.488 {d8c76dea12ebcf16f280ff114148c783} app using info level mode. 
2022-02-02 16:34:15.491 {d8c76dea12ebcf16f280ff114148c783} start application mygogf. 
2022-02-02 16:36:42.239 G:/go/mygogf/internal/utils/log_utils.go:170: init info logger success. 
2022-02-02 16:36:42.247 {9c14f61535ebcf1601348f509977668a} app using info level mode. 
2022-02-02 16:36:42.251 {9c14f61535ebcf1601348f509977668a} start application mygogf. 
2022-02-02 17:02:03.458 G:/go/mygogf/internal/utils/log_utils.go:170: init info logger success. 
2022-02-02 17:02:03.465 {ac31954597eccf16cf0b433f860bc567} app using info level mode. 
2022-02-02 17:02:03.468 {ac31954597eccf16cf0b433f860bc567} start application mygogf. 
2022-02-02 17:03:40.382 G:/go/mygogf/internal/utils/log_utils.go:170: init info logger success. 
2022-02-02 17:03:40.390 {2c59c3d6adeccf162411cd5681e8cbee} app using info level mode. 
2022-02-02 17:03:40.393 {2c59c3d6adeccf162411cd5681e8cbee} start application mygogf. 
2022-02-02 17:05:12.824 G:/go/mygogf/internal/utils/log_utils.go:170: init info logger success. 
2022-02-02 17:05:12.830 {103a9f5cc3eccf16b541ff678f2fe790} app using info level mode. 
2022-02-02 17:05:12.833 {103a9f5cc3eccf16b541ff678f2fe790} start application mygogf. 
2022-02-02 17:06:02.915 G:/go/mygogf/internal/utils/log_utils.go:170: init info logger success. 
2022-02-02 17:06:02.921 {c42f4506cfeccf16f24d701388d298cf} app using info level mode. 
2022-02-02 17:06:02.925 {c42f4506cfeccf16f24d701388d298cf} start application mygogf. 
2022-02-02 17:07:12.448 G:/go/mygogf/internal/utils/log_utils.go:170: init info logger success. 
2022-02-02 17:07:12.456 {c8a3e636dfeccf16e55fd518ac4a830c} app using info level mode. 
2022-02-02 17:07:12.459 {c8a3e636dfeccf16e55fd518ac4a830c} start application mygogf. 
2022-02-02 17:09:00.990 {fc36df7bf8eccf16e75fd51872c69ea3} receive say: &{{} "yqc"} 
2022-02-02 18:38:43.032 G:/go/mygogf/internal/utils/log_utils.go:170: init info logger success. 
2022-02-02 18:38:43.039 {94c91897ddf1cf1615b9a1428cb56c56} app using info level mode. 
2022-02-02 18:38:43.043 {94c91897ddf1cf1615b9a1428cb56c56} start application mygogf. 
2022-02-02 18:39:30.008 {9c8bb386e8f1cf1619b9a1422567cee0} receive say: &{{}  yqc} 
